<?xml version="1.0" encoding="UTF-8"?>
<!-- Generated by org.testng.reporters.JUnitReportReporter -->
<testsuite hostname="LAPTOP-PALAK" name="fbTest.fetchRewardsFbMyClass" tests="1" failures="0" timestamp="16 Oct 2020 21:32:23 GMT" time="65.366" errors="0">
  <testcase name="MainFunctionality" time="65.366" classname="fbTest.fetchRewardsFbMyClass"/>
</testsuite> <!-- fbTest.fetchRewardsFbMyClass -->
